{"level":"error","message":"❌ Unable to connect to the database: Access denied for user 'oneflow_user'@'localhost' (using password: YES)","name":"SequelizeAccessDeniedError","original":{"code":"ER_ACCESS_DENIED_ERROR","errno":1045,"sqlMessage":"Access denied for user 'oneflow_user'@'localhost' (using password: YES)","sqlState":"28000"},"parent":{"code":"ER_ACCESS_DENIED_ERROR","errno":1045,"sqlMessage":"Access denied for user 'oneflow_user'@'localhost' (using password: YES)","sqlState":"28000"},"service":"oneflow-api","stack":"SequelizeAccessDeniedError: Access denied for user 'oneflow_user'@'localhost' (using password: YES)\n    at ConnectionManager.connect (C:\\Users\\Hp\\Desktop\\odoof\\oneflow-api\\node_modules\\sequelize\\src\\dialects\\mysql\\connection-manager.js:118:17)\n    at process.processTicksAndRejections (node:internal/process/task_queues:105:5)\n    at async ConnectionManager._connect (C:\\Users\\Hp\\Desktop\\odoof\\oneflow-api\\node_modules\\sequelize\\src\\dialects\\abstract\\connection-manager.js:332:24)\n    at async <anonymous> (C:\\Users\\Hp\\Desktop\\odoof\\oneflow-api\\node_modules\\sequelize\\src\\dialects\\abstract\\connection-manager.js:250:32)\n    at async ConnectionManager.getConnection (C:\\Users\\Hp\\Desktop\\odoof\\oneflow-api\\node_modules\\sequelize\\src\\dialects\\abstract\\connection-manager.js:280:7)\n    at async <anonymous> (C:\\Users\\Hp\\Desktop\\odoof\\oneflow-api\\node_modules\\sequelize\\src\\sequelize.js:638:26)\n    at async Sequelize.authenticate (C:\\Users\\Hp\\Desktop\\odoof\\oneflow-api\\node_modules\\sequelize\\src\\sequelize.js:972:5)\n    at async startServer (C:\\Users\\Hp\\Desktop\\odoof\\oneflow-api\\src\\index.ts:37:5)","timestamp":"2025-11-08T07:14:16.747Z"}
{"level":"error","message":"❌ Unable to connect to the database: Access denied for user 'oneflow_user'@'localhost' (using password: YES)","name":"SequelizeAccessDeniedError","original":{"code":"ER_ACCESS_DENIED_ERROR","errno":1045,"sqlMessage":"Access denied for user 'oneflow_user'@'localhost' (using password: YES)","sqlState":"28000"},"parent":{"code":"ER_ACCESS_DENIED_ERROR","errno":1045,"sqlMessage":"Access denied for user 'oneflow_user'@'localhost' (using password: YES)","sqlState":"28000"},"service":"oneflow-api","stack":"SequelizeAccessDeniedError: Access denied for user 'oneflow_user'@'localhost' (using password: YES)\n    at ConnectionManager.connect (C:\\Users\\Hp\\Desktop\\odoof\\oneflow-api\\node_modules\\sequelize\\src\\dialects\\mysql\\connection-manager.js:118:17)\n    at process.processTicksAndRejections (node:internal/process/task_queues:105:5)\n    at async ConnectionManager._connect (C:\\Users\\Hp\\Desktop\\odoof\\oneflow-api\\node_modules\\sequelize\\src\\dialects\\abstract\\connection-manager.js:332:24)\n    at async <anonymous> (C:\\Users\\Hp\\Desktop\\odoof\\oneflow-api\\node_modules\\sequelize\\src\\dialects\\abstract\\connection-manager.js:250:32)\n    at async ConnectionManager.getConnection (C:\\Users\\Hp\\Desktop\\odoof\\oneflow-api\\node_modules\\sequelize\\src\\dialects\\abstract\\connection-manager.js:280:7)\n    at async <anonymous> (C:\\Users\\Hp\\Desktop\\odoof\\oneflow-api\\node_modules\\sequelize\\src\\sequelize.js:638:26)\n    at async Sequelize.authenticate (C:\\Users\\Hp\\Desktop\\odoof\\oneflow-api\\node_modules\\sequelize\\src\\sequelize.js:972:5)\n    at async startServer (C:\\Users\\Hp\\Desktop\\odoof\\oneflow-api\\src\\index.ts:37:5)","timestamp":"2025-11-08T07:19:36.656Z"}
{"level":"error","message":"❌ Unable to connect to the database: Access denied for user 'oneflow_user'@'localhost' (using password: YES)","name":"SequelizeAccessDeniedError","original":{"code":"ER_ACCESS_DENIED_ERROR","errno":1045,"sqlMessage":"Access denied for user 'oneflow_user'@'localhost' (using password: YES)","sqlState":"28000"},"parent":{"code":"ER_ACCESS_DENIED_ERROR","errno":1045,"sqlMessage":"Access denied for user 'oneflow_user'@'localhost' (using password: YES)","sqlState":"28000"},"service":"oneflow-api","stack":"SequelizeAccessDeniedError: Access denied for user 'oneflow_user'@'localhost' (using password: YES)\n    at ConnectionManager.connect (C:\\Users\\Hp\\Desktop\\odoof\\oneflow-api\\node_modules\\sequelize\\src\\dialects\\mysql\\connection-manager.js:118:17)\n    at process.processTicksAndRejections (node:internal/process/task_queues:105:5)\n    at async ConnectionManager._connect (C:\\Users\\Hp\\Desktop\\odoof\\oneflow-api\\node_modules\\sequelize\\src\\dialects\\abstract\\connection-manager.js:332:24)\n    at async <anonymous> (C:\\Users\\Hp\\Desktop\\odoof\\oneflow-api\\node_modules\\sequelize\\src\\dialects\\abstract\\connection-manager.js:250:32)\n    at async ConnectionManager.getConnection (C:\\Users\\Hp\\Desktop\\odoof\\oneflow-api\\node_modules\\sequelize\\src\\dialects\\abstract\\connection-manager.js:280:7)\n    at async <anonymous> (C:\\Users\\Hp\\Desktop\\odoof\\oneflow-api\\node_modules\\sequelize\\src\\sequelize.js:638:26)\n    at async Sequelize.authenticate (C:\\Users\\Hp\\Desktop\\odoof\\oneflow-api\\node_modules\\sequelize\\src\\sequelize.js:972:5)\n    at async startServer (C:\\Users\\Hp\\Desktop\\odoof\\oneflow-api\\src\\index.ts:37:5)","timestamp":"2025-11-08T07:21:56.334Z"}
{"level":"error","message":"❌ Unable to connect to the database: Access denied for user 'oneflow_user'@'localhost' (using password: YES)","name":"SequelizeAccessDeniedError","original":{"code":"ER_ACCESS_DENIED_ERROR","errno":1045,"sqlMessage":"Access denied for user 'oneflow_user'@'localhost' (using password: YES)","sqlState":"28000"},"parent":{"code":"ER_ACCESS_DENIED_ERROR","errno":1045,"sqlMessage":"Access denied for user 'oneflow_user'@'localhost' (using password: YES)","sqlState":"28000"},"service":"oneflow-api","stack":"SequelizeAccessDeniedError: Access denied for user 'oneflow_user'@'localhost' (using password: YES)\n    at ConnectionManager.connect (C:\\Users\\Hp\\Desktop\\odoof\\oneflow-api\\node_modules\\sequelize\\src\\dialects\\mysql\\connection-manager.js:118:17)\n    at process.processTicksAndRejections (node:internal/process/task_queues:105:5)\n    at async ConnectionManager._connect (C:\\Users\\Hp\\Desktop\\odoof\\oneflow-api\\node_modules\\sequelize\\src\\dialects\\abstract\\connection-manager.js:332:24)\n    at async <anonymous> (C:\\Users\\Hp\\Desktop\\odoof\\oneflow-api\\node_modules\\sequelize\\src\\dialects\\abstract\\connection-manager.js:250:32)\n    at async ConnectionManager.getConnection (C:\\Users\\Hp\\Desktop\\odoof\\oneflow-api\\node_modules\\sequelize\\src\\dialects\\abstract\\connection-manager.js:280:7)\n    at async <anonymous> (C:\\Users\\Hp\\Desktop\\odoof\\oneflow-api\\node_modules\\sequelize\\src\\sequelize.js:638:26)\n    at async Sequelize.authenticate (C:\\Users\\Hp\\Desktop\\odoof\\oneflow-api\\node_modules\\sequelize\\src\\sequelize.js:972:5)\n    at async startServer (C:\\Users\\Hp\\Desktop\\odoof\\oneflow-api\\src\\index.ts:37:5)","timestamp":"2025-11-08T09:48:26.592Z"}
{"level":"info","message":"✅ Database connection established successfully.","service":"oneflow-api","timestamp":"2025-11-08T09:51:05.292Z"}
{"level":"info","message":"🚀 Server is running on port 3001","service":"oneflow-api","timestamp":"2025-11-08T09:51:05.300Z"}
{"level":"info","message":"📚 API Documentation: http://localhost:3001/health","service":"oneflow-api","timestamp":"2025-11-08T09:51:05.300Z"}
{"email":"admin@oneflow.com","level":"info","message":"User logged in","service":"oneflow-api","timestamp":"2025-11-08T09:56:30.850Z","userId":1}
{"level":"info","message":"✅ Database connection established successfully.","service":"oneflow-api","timestamp":"2025-11-08T10:06:00.948Z"}
{"level":"info","message":"🚀 Server is running on port 3001","service":"oneflow-api","timestamp":"2025-11-08T10:06:00.961Z"}
{"level":"info","message":"📚 API Documentation: http://localhost:3001/health","service":"oneflow-api","timestamp":"2025-11-08T10:06:00.962Z"}
{"email":"admin@oneflow.com","level":"info","message":"User logged in","service":"oneflow-api","timestamp":"2025-11-08T10:06:14.722Z","userId":1}
{"level":"info","message":"✅ Database connection established successfully.","service":"oneflow-api","timestamp":"2025-11-08T10:06:23.301Z"}
{"level":"info","message":"🚀 Server is running on port 3001","service":"oneflow-api","timestamp":"2025-11-08T10:06:23.317Z"}
{"level":"info","message":"📚 API Documentation: http://localhost:3001/health","service":"oneflow-api","timestamp":"2025-11-08T10:06:23.322Z"}
{"email":"manager@oneflow.com","level":"info","message":"User logged in","service":"oneflow-api","timestamp":"2025-11-08T10:06:43.882Z","userId":2}
{"level":"info","message":"✅ Database connection established successfully.","service":"oneflow-api","timestamp":"2025-11-08T10:07:10.121Z"}
{"level":"info","message":"🚀 Server is running on port 3001","service":"oneflow-api","timestamp":"2025-11-08T10:07:10.131Z"}
{"level":"info","message":"📚 API Documentation: http://localhost:3001/health","service":"oneflow-api","timestamp":"2025-11-08T10:07:10.136Z"}
{"email":"managr@oneflow.com","level":"info","message":"User registered","service":"oneflow-api","timestamp":"2025-11-08T10:07:53.738Z","userId":16}
{"level":"info","message":"✅ Database connection established successfully.","service":"oneflow-api","timestamp":"2025-11-08T10:11:30.668Z"}
{"level":"info","message":"🚀 Server is running on port 3001","service":"oneflow-api","timestamp":"2025-11-08T10:11:30.729Z"}
{"level":"info","message":"📚 API Documentation: http://localhost:3001/health","service":"oneflow-api","timestamp":"2025-11-08T10:11:30.733Z"}
{"level":"info","message":"✅ Database connection established successfully.","service":"oneflow-api","timestamp":"2025-11-08T10:11:38.764Z"}
{"level":"info","message":"🚀 Server is running on port 3001","service":"oneflow-api","timestamp":"2025-11-08T10:11:38.790Z"}
{"level":"info","message":"📚 API Documentation: http://localhost:3001/health","service":"oneflow-api","timestamp":"2025-11-08T10:11:38.792Z"}
{"level":"info","message":"✅ Database connection established successfully.","service":"oneflow-api","timestamp":"2025-11-08T10:11:44.979Z"}
{"level":"info","message":"🚀 Server is running on port 3001","service":"oneflow-api","timestamp":"2025-11-08T10:11:45.016Z"}
{"level":"info","message":"📚 API Documentation: http://localhost:3001/health","service":"oneflow-api","timestamp":"2025-11-08T10:11:45.019Z"}
{"level":"info","message":"✅ Database connection established successfully.","service":"oneflow-api","timestamp":"2025-11-08T10:11:56.834Z"}
{"level":"info","message":"🚀 Server is running on port 3001","service":"oneflow-api","timestamp":"2025-11-08T10:11:56.856Z"}
{"level":"info","message":"📚 API Documentation: http://localhost:3001/health","service":"oneflow-api","timestamp":"2025-11-08T10:11:56.860Z"}
{"level":"info","message":"✅ Database connection established successfully.","service":"oneflow-api","timestamp":"2025-11-08T10:14:54.645Z"}
{"level":"info","message":"🚀 Server is running on port 3001","service":"oneflow-api","timestamp":"2025-11-08T10:14:54.688Z"}
{"level":"info","message":"📚 API Documentation: http://localhost:3001/health","service":"oneflow-api","timestamp":"2025-11-08T10:14:54.693Z"}
{"level":"info","message":"✅ Database connection established successfully.","service":"oneflow-api","timestamp":"2025-11-08T10:22:53.099Z"}
{"level":"info","message":"🚀 Server is running on port 3001","service":"oneflow-api","timestamp":"2025-11-08T10:22:53.115Z"}
{"level":"info","message":"📚 API Documentation: http://localhost:3001/health","service":"oneflow-api","timestamp":"2025-11-08T10:22:53.116Z"}
{"email":"managr@oneflow.com","level":"info","message":"User logged in","service":"oneflow-api","timestamp":"2025-11-08T10:23:16.606Z","userId":16}
{"email":"managr@oneflow.com","level":"info","message":"User logged in","service":"oneflow-api","timestamp":"2025-11-08T10:25:47.649Z","userId":16}
{"level":"error","message":"❌ Unable to connect to the database:","name":"SequelizeConnectionRefusedError","original":{"code":"ECONNREFUSED","fatal":true},"parent":{"code":"ECONNREFUSED","fatal":true},"service":"oneflow-api","stack":"SequelizeConnectionRefusedError\n    at ConnectionManager.connect (C:\\Users\\Hp\\Desktop\\odoof\\oneflow-api\\node_modules\\sequelize\\src\\dialects\\mysql\\connection-manager.js:116:17)\n    at process.processTicksAndRejections (node:internal/process/task_queues:105:5)\n    at async ConnectionManager._connect (C:\\Users\\Hp\\Desktop\\odoof\\oneflow-api\\node_modules\\sequelize\\src\\dialects\\abstract\\connection-manager.js:332:24)\n    at async <anonymous> (C:\\Users\\Hp\\Desktop\\odoof\\oneflow-api\\node_modules\\sequelize\\src\\dialects\\abstract\\connection-manager.js:250:32)\n    at async ConnectionManager.getConnection (C:\\Users\\Hp\\Desktop\\odoof\\oneflow-api\\node_modules\\sequelize\\src\\dialects\\abstract\\connection-manager.js:280:7)\n    at async <anonymous> (C:\\Users\\Hp\\Desktop\\odoof\\oneflow-api\\node_modules\\sequelize\\src\\sequelize.js:638:26)\n    at async Sequelize.authenticate (C:\\Users\\Hp\\Desktop\\odoof\\oneflow-api\\node_modules\\sequelize\\src\\sequelize.js:972:5)\n    at async startServer (C:\\Users\\Hp\\Desktop\\odoof\\oneflow-api\\src\\index.ts:37:5)","timestamp":"2025-11-08T11:19:37.465Z"}
{"level":"error","message":"❌ Unable to connect to the database:","name":"SequelizeConnectionRefusedError","original":{"code":"ECONNREFUSED","fatal":true},"parent":{"code":"ECONNREFUSED","fatal":true},"service":"oneflow-api","stack":"SequelizeConnectionRefusedError\n    at ConnectionManager.connect (C:\\Users\\Hp\\Desktop\\odoof\\oneflow-api\\node_modules\\sequelize\\src\\dialects\\mysql\\connection-manager.js:116:17)\n    at process.processTicksAndRejections (node:internal/process/task_queues:105:5)\n    at async ConnectionManager._connect (C:\\Users\\Hp\\Desktop\\odoof\\oneflow-api\\node_modules\\sequelize\\src\\dialects\\abstract\\connection-manager.js:332:24)\n    at async <anonymous> (C:\\Users\\Hp\\Desktop\\odoof\\oneflow-api\\node_modules\\sequelize\\src\\dialects\\abstract\\connection-manager.js:250:32)\n    at async ConnectionManager.getConnection (C:\\Users\\Hp\\Desktop\\odoof\\oneflow-api\\node_modules\\sequelize\\src\\dialects\\abstract\\connection-manager.js:280:7)\n    at async <anonymous> (C:\\Users\\Hp\\Desktop\\odoof\\oneflow-api\\node_modules\\sequelize\\src\\sequelize.js:638:26)\n    at async Sequelize.authenticate (C:\\Users\\Hp\\Desktop\\odoof\\oneflow-api\\node_modules\\sequelize\\src\\sequelize.js:972:5)\n    at async startServer (C:\\Users\\Hp\\Desktop\\odoof\\oneflow-api\\src\\index.ts:37:5)","timestamp":"2025-11-08T11:20:22.314Z"}
{"level":"info","message":"✅ Database connection established successfully.","service":"oneflow-api","timestamp":"2025-11-08T11:25:26.516Z"}
{"level":"info","message":"🚀 Server is running on port 3001","service":"oneflow-api","timestamp":"2025-11-08T11:25:26.535Z"}
{"level":"info","message":"📚 API Documentation: http://localhost:3001/health","service":"oneflow-api","timestamp":"2025-11-08T11:25:26.536Z"}
{"level":"info","message":"✅ Database connection established successfully.","service":"oneflow-api","timestamp":"2025-11-08T11:25:32.590Z"}
{"level":"info","message":"🚀 Server is running on port 3001","service":"oneflow-api","timestamp":"2025-11-08T11:25:32.597Z"}
{"level":"info","message":"📚 API Documentation: http://localhost:3001/health","service":"oneflow-api","timestamp":"2025-11-08T11:25:32.598Z"}
{"level":"info","message":"✅ Database connection established successfully.","service":"oneflow-api","timestamp":"2025-11-08T11:25:41.677Z"}
{"level":"info","message":"🚀 Server is running on port 3001","service":"oneflow-api","timestamp":"2025-11-08T11:25:41.683Z"}
{"level":"info","message":"📚 API Documentation: http://localhost:3001/health","service":"oneflow-api","timestamp":"2025-11-08T11:25:41.684Z"}
{"level":"info","message":"✅ Database connection established successfully.","service":"oneflow-api","timestamp":"2025-11-08T11:26:00.095Z"}
{"level":"info","message":"🚀 Server is running on port 3001","service":"oneflow-api","timestamp":"2025-11-08T11:26:00.106Z"}
{"level":"info","message":"📚 API Documentation: http://localhost:3001/health","service":"oneflow-api","timestamp":"2025-11-08T11:26:00.107Z"}
{"level":"info","message":"✅ Database connection established successfully.","service":"oneflow-api","timestamp":"2025-11-08T11:26:36.202Z"}
{"email":"admin@oneflow.com","level":"info","message":"User logged in","service":"oneflow-api","timestamp":"2025-11-08T11:31:54.272Z","userId":1}
{"email":"admin@oneflow.com","level":"info","message":"User logged in","service":"oneflow-api","timestamp":"2025-11-08T11:34:57.618Z","userId":1}
{"email":"admin@oneflow.com","level":"info","message":"User logged in","service":"oneflow-api","timestamp":"2025-11-08T11:35:16.482Z","userId":1}
{"level":"info","message":"✅ Database connection established successfully.","service":"oneflow-api","timestamp":"2025-11-08T12:50:00.083Z"}
{"email":"admin@oneflow.com","level":"info","message":"User logged in","service":"oneflow-api","timestamp":"2025-11-08T12:52:17.220Z","userId":1}
{"level":"info","message":"✅ Database connection established successfully.","service":"oneflow-api","timestamp":"2025-11-08T12:53:21.706Z"}
{"level":"info","message":"🚀 Server is running on port 3001","service":"oneflow-api","timestamp":"2025-11-08T12:53:21.726Z"}
{"level":"info","message":"📚 API Documentation: http://localhost:3001/health","service":"oneflow-api","timestamp":"2025-11-08T12:53:21.727Z"}
{"level":"info","message":"✅ Database connection established successfully.","service":"oneflow-api","timestamp":"2025-11-08T12:53:21.725Z"}
{"level":"info","message":"✅ Database connection established successfully.","service":"oneflow-api","timestamp":"2025-11-08T12:53:35.105Z"}
{"level":"info","message":"✅ Database connection established successfully.","service":"oneflow-api","timestamp":"2025-11-08T12:53:35.129Z"}
{"level":"info","message":"🚀 Server is running on port 3001","service":"oneflow-api","timestamp":"2025-11-08T12:53:35.145Z"}
{"level":"info","message":"📚 API Documentation: http://localhost:3001/health","service":"oneflow-api","timestamp":"2025-11-08T12:53:35.151Z"}
{"email":"admin@oneflow.com","level":"info","message":"User logged in","service":"oneflow-api","timestamp":"2025-11-08T12:58:29.652Z","userId":1}
{"level":"info","message":"✅ Database connection established successfully.","service":"oneflow-api","timestamp":"2025-11-08T12:58:48.388Z"}
{"level":"info","message":"✅ Database connection established successfully.","service":"oneflow-api","timestamp":"2025-11-08T12:58:48.387Z"}
{"level":"info","message":"🚀 Server is running on port 3001","service":"oneflow-api","timestamp":"2025-11-08T12:58:48.398Z"}
{"level":"info","message":"📚 API Documentation: http://localhost:3001/health","service":"oneflow-api","timestamp":"2025-11-08T12:58:48.399Z"}
{"level":"info","message":"✅ Database connection established successfully.","service":"oneflow-api","timestamp":"2025-11-08T12:59:07.192Z"}
{"level":"info","message":"🚀 Server is running on port 3001","service":"oneflow-api","timestamp":"2025-11-08T12:59:07.199Z"}
{"level":"info","message":"📚 API Documentation: http://localhost:3001/health","service":"oneflow-api","timestamp":"2025-11-08T12:59:07.199Z"}
{"level":"info","message":"✅ Database connection established successfully.","service":"oneflow-api","timestamp":"2025-11-08T12:59:07.218Z"}
{"email":"ak@gnmail.com","level":"info","message":"User registered","service":"oneflow-api","timestamp":"2025-11-08T12:59:21.656Z","userId":17}
{"level":"info","message":"✅ Database connection established successfully.","service":"oneflow-api","timestamp":"2025-11-08T13:19:17.059Z"}
{"email":"admin@oneflow.com","level":"info","message":"User logged in","service":"oneflow-api","timestamp":"2025-11-08T13:45:02.735Z","userId":1}
{"email":"manager@oneflow.com","level":"info","message":"User logged in","service":"oneflow-api","timestamp":"2025-11-08T14:21:30.537Z","userId":2}
{"email":"carol@oneflow.com","level":"info","message":"User logged in","service":"oneflow-api","timestamp":"2025-11-08T14:24:58.964Z","userId":5}
{"email":"manager@oneflow.com","level":"info","message":"User logged in","service":"oneflow-api","timestamp":"2025-11-08T14:25:08.531Z","userId":2}
{"email":"manager@oneflow.com","level":"info","message":"User logged in","service":"oneflow-api","timestamp":"2025-11-08T14:26:32.816Z","userId":2}
{"email":"carol@oneflow.com","level":"info","message":"User logged in","service":"oneflow-api","timestamp":"2025-11-08T14:33:23.074Z","userId":5}
{"email":"alice@oneflow.com","level":"info","message":"User logged in","service":"oneflow-api","timestamp":"2025-11-08T14:33:59.466Z","userId":3}
{"email":"admin@oneflow.com","level":"info","message":"User logged in","service":"oneflow-api","timestamp":"2025-11-08T14:44:22.332Z","userId":1}
{"level":"info","message":"✅ Database connection established successfully.","service":"oneflow-api","timestamp":"2025-11-08T15:42:02.925Z"}
{"level":"error","message":"❌ Unable to connect to the database:","name":"SequelizeConnectionRefusedError","original":{"code":"ECONNREFUSED","fatal":true},"parent":{"code":"ECONNREFUSED","fatal":true},"service":"oneflow-api","stack":"SequelizeConnectionRefusedError\n    at ConnectionManager.connect (C:\\Users\\Hp\\Desktop\\odoof2\\oneflow-api\\node_modules\\sequelize\\src\\dialects\\mysql\\connection-manager.js:116:17)\n    at process.processTicksAndRejections (node:internal/process/task_queues:105:5)\n    at async ConnectionManager._connect (C:\\Users\\Hp\\Desktop\\odoof2\\oneflow-api\\node_modules\\sequelize\\src\\dialects\\abstract\\connection-manager.js:332:24)\n    at async <anonymous> (C:\\Users\\Hp\\Desktop\\odoof2\\oneflow-api\\node_modules\\sequelize\\src\\dialects\\abstract\\connection-manager.js:250:32)\n    at async ConnectionManager.getConnection (C:\\Users\\Hp\\Desktop\\odoof2\\oneflow-api\\node_modules\\sequelize\\src\\dialects\\abstract\\connection-manager.js:280:7)\n    at async <anonymous> (C:\\Users\\Hp\\Desktop\\odoof2\\oneflow-api\\node_modules\\sequelize\\src\\sequelize.js:638:26)\n    at async Sequelize.authenticate (C:\\Users\\Hp\\Desktop\\odoof2\\oneflow-api\\node_modules\\sequelize\\src\\sequelize.js:972:5)\n    at async startServer (C:\\Users\\Hp\\Desktop\\odoof2\\oneflow-api\\src\\index.ts:61:5)","timestamp":"2025-11-08T15:51:33.411Z"}
{"level":"error","message":"❌ Unable to connect to the database:","name":"SequelizeConnectionRefusedError","original":{"code":"ECONNREFUSED","fatal":true},"parent":{"code":"ECONNREFUSED","fatal":true},"service":"oneflow-api","stack":"SequelizeConnectionRefusedError\n    at ConnectionManager.connect (C:\\Users\\Hp\\Desktop\\odoof2\\oneflow-api\\node_modules\\sequelize\\src\\dialects\\mysql\\connection-manager.js:116:17)\n    at process.processTicksAndRejections (node:internal/process/task_queues:105:5)\n    at async ConnectionManager._connect (C:\\Users\\Hp\\Desktop\\odoof2\\oneflow-api\\node_modules\\sequelize\\src\\dialects\\abstract\\connection-manager.js:332:24)\n    at async <anonymous> (C:\\Users\\Hp\\Desktop\\odoof2\\oneflow-api\\node_modules\\sequelize\\src\\dialects\\abstract\\connection-manager.js:250:32)\n    at async ConnectionManager.getConnection (C:\\Users\\Hp\\Desktop\\odoof2\\oneflow-api\\node_modules\\sequelize\\src\\dialects\\abstract\\connection-manager.js:280:7)\n    at async <anonymous> (C:\\Users\\Hp\\Desktop\\odoof2\\oneflow-api\\node_modules\\sequelize\\src\\sequelize.js:638:26)\n    at async Sequelize.authenticate (C:\\Users\\Hp\\Desktop\\odoof2\\oneflow-api\\node_modules\\sequelize\\src\\sequelize.js:972:5)\n    at async startServer (C:\\Users\\Hp\\Desktop\\odoof2\\oneflow-api\\src\\index.ts:61:5)","timestamp":"2025-11-08T15:53:02.955Z"}
{"level":"error","message":"❌ Unable to connect to the database:","name":"SequelizeConnectionRefusedError","original":{"code":"ECONNREFUSED","fatal":true},"parent":{"code":"ECONNREFUSED","fatal":true},"service":"oneflow-api","stack":"SequelizeConnectionRefusedError\n    at ConnectionManager.connect (C:\\Users\\Hp\\Desktop\\odoof2\\oneflow-api\\node_modules\\sequelize\\src\\dialects\\mysql\\connection-manager.js:116:17)\n    at process.processTicksAndRejections (node:internal/process/task_queues:105:5)\n    at async ConnectionManager._connect (C:\\Users\\Hp\\Desktop\\odoof2\\oneflow-api\\node_modules\\sequelize\\src\\dialects\\abstract\\connection-manager.js:332:24)\n    at async <anonymous> (C:\\Users\\Hp\\Desktop\\odoof2\\oneflow-api\\node_modules\\sequelize\\src\\dialects\\abstract\\connection-manager.js:250:32)\n    at async ConnectionManager.getConnection (C:\\Users\\Hp\\Desktop\\odoof2\\oneflow-api\\node_modules\\sequelize\\src\\dialects\\abstract\\connection-manager.js:280:7)\n    at async <anonymous> (C:\\Users\\Hp\\Desktop\\odoof2\\oneflow-api\\node_modules\\sequelize\\src\\sequelize.js:638:26)\n    at async Sequelize.authenticate (C:\\Users\\Hp\\Desktop\\odoof2\\oneflow-api\\node_modules\\sequelize\\src\\sequelize.js:972:5)\n    at async startServer (C:\\Users\\Hp\\Desktop\\odoof2\\oneflow-api\\src\\index.ts:61:5)","timestamp":"2025-11-08T15:56:19.392Z"}
{"level":"info","message":"✅ Database connection established successfully.","service":"oneflow-api","timestamp":"2025-11-08T17:25:49.279Z"}
{"level":"info","message":"🚀 Server is running on 0.0.0.0:3001","service":"oneflow-api","timestamp":"2025-11-08T17:25:49.285Z"}
{"level":"info","message":"📚 API Documentation: http://localhost:3001/health","service":"oneflow-api","timestamp":"2025-11-08T17:25:49.286Z"}
{"level":"info","message":"🌐 Server URL: http://localhost:3001","service":"oneflow-api","timestamp":"2025-11-08T17:25:49.287Z"}
